INFO:XboxHybrid:Xbox Hybrid Controller initialized for /dev/input/js0
INFO:XboxHybrid:Motor control: DIRECT
INFO:XboxHybrid:API endpoint: http://localhost:8000
INFO:XboxHybrid:API health check: {'status': 'healthy', 'mode': 'idle', 'emergency': False, 'uptime': 1267.4731931686401, 'timestamp': 1761931674.499785}
INFO:XboxHybrid:Connected to Xbox controller at /dev/input/js0
INFO:XboxHybrid:Direct motor control ready
INFO:XboxHybrid:Xbox Hybrid controller ready!
INFO:XboxHybrid:Movement: Left stick (DIRECT control for low latency)
INFO:XboxHybrid:Controls: LB=treat, RB=photo, Y=sound, A=emergency stop
INFO:XboxHybrid:D-pad left/right to select sounds, D-pad down to play
INFO:XboxHybrid:Y button: Playing sound 'success'
ERROR:XboxHybrid:API request failed: /audio/play/sound - HTTPConnectionPool(host='localhost', port=8000): Read timed out. (read timeout=1.0)
ERROR:XboxHybrid:API request failed: /audio/play/number - HTTPConnectionPool(host='localhost', port=8000): Read timed out. (read timeout=1.0)
INFO:XboxHybrid:Y button: Playing sound 'success'
ERROR:XboxHybrid:API request failed: /audio/play/sound - HTTPConnectionPool(host='localhost', port=8000): Read timed out. (read timeout=1.0)
ERROR:XboxHybrid:API request failed: /audio/play/number - HTTPConnectionPool(host='localhost', port=8000): Read timed out. (read timeout=1.0)
INFO:XboxHybrid:B button: Stop motors
INFO:XboxHybrid:Motors stopped (direct)
INFO:XboxHybrid:A button: Emergency stop
WARNING:XboxHybrid:EMERGENCY STOP activated
INFO:XboxHybrid:RB pressed: Taking photo
ERROR:XboxHybrid:API request failed: /camera/photo - 500 Server Error: Internal Server Error for url: http://localhost:8000/camera/photo
INFO:XboxHybrid:LB pressed: Dispensing treat
INFO:XboxHybrid:D-pad up: Audio off
INFO:XboxHybrid:D-pad down: Play success
INFO:XboxHybrid:Y button: Playing sound 'success'
ERROR:XboxHybrid:API request failed: /audio/play/sound - HTTPConnectionPool(host='localhost', port=8000): Read timed out. (read timeout=1.0)
ERROR:XboxHybrid:API request failed: /audio/play/number - HTTPConnectionPool(host='localhost', port=8000): Read timed out. (read timeout=1.0)
INFO:XboxHybrid:Selected sound: reward
INFO:XboxHybrid:Selected sound: success
INFO:XboxHybrid:B button: Stop motors
INFO:XboxHybrid:Motors stopped (direct)
INFO:XboxHybrid:B button: Stop motors
INFO:XboxHybrid:Motors stopped (direct)
INFO:XboxHybrid:B button: Stop motors
INFO:XboxHybrid:Motors stopped (direct)
INFO:XboxHybrid:B button: Stop motors
INFO:XboxHybrid:Motors stopped (direct)
